2024-10-28 12:36:06,667 - httpx - INFO - HTTP Request: GET https://api.github.com/repos/GNOME/gvfs/contents/?page=1&per_page=100 "HTTP/1.1 403 Forbidden"
2024-10-28 12:36:06,669 - tools - WARNING - Rate limit reached. Sleeping for 3110 seconds.
2024-10-28 12:39:07,344 - httpx - INFO - HTTP Request: GET https://api.github.com/repos/GNOME/gvfs/contents/?page=1&per_page=100 "HTTP/1.1 403 Forbidden"
2024-10-28 12:39:07,345 - tools - WARNING - Rate limit reached. Sleeping for 2929 seconds.
2024-10-28 13:17:11,284 - httpx - INFO - HTTP Request: GET https://api.github.com/repos/t-s-e-z-a-r/CodeReviewAI/contents/?page=1&per_page=100 "HTTP/1.1 403 Forbidden"
2024-10-28 13:17:11,286 - tools - WARNING - Rate limit reached. Sleeping for 645 seconds.
2024-10-28 13:27:56,621 - httpx - INFO - HTTP Request: GET https://api.github.com/repos/t-s-e-z-a-r/CodeReviewAI/contents/?page=1&per_page=100 "HTTP/1.1 200 OK"
2024-10-28 13:27:57,294 - httpx - INFO - HTTP Request: GET https://api.github.com/repos/t-s-e-z-a-r/CodeReviewAI/contents/tests?page=1&per_page=100 "HTTP/1.1 200 OK"
2024-10-28 13:27:57,365 - httpx - INFO - HTTP Request: GET https://api.github.com/repos/t-s-e-z-a-r/CodeReviewAI/contents/Dockerfile?ref=main "HTTP/1.1 200 OK"
2024-10-28 13:27:57,368 - httpx - INFO - HTTP Request: GET https://api.github.com/repos/t-s-e-z-a-r/CodeReviewAI/contents/main.py?ref=main "HTTP/1.1 200 OK"
2024-10-28 13:27:57,370 - httpx - INFO - HTTP Request: GET https://api.github.com/repos/t-s-e-z-a-r/CodeReviewAI/contents/schemas.py?ref=main "HTTP/1.1 200 OK"
2024-10-28 13:27:57,372 - httpx - INFO - HTTP Request: GET https://api.github.com/repos/t-s-e-z-a-r/CodeReviewAI/contents/docker-compose.yml?ref=main "HTTP/1.1 200 OK"
2024-10-28 13:27:57,373 - httpx - INFO - HTTP Request: GET https://api.github.com/repos/t-s-e-z-a-r/CodeReviewAI/contents/README.md?ref=main "HTTP/1.1 200 OK"
2024-10-28 13:27:57,376 - httpx - INFO - HTTP Request: GET https://api.github.com/repos/t-s-e-z-a-r/CodeReviewAI/contents/tools.py?ref=main "HTTP/1.1 200 OK"
2024-10-28 13:27:57,377 - httpx - INFO - HTTP Request: GET https://api.github.com/repos/t-s-e-z-a-r/CodeReviewAI/contents/pyproject.toml?ref=main "HTTP/1.1 200 OK"
2024-10-28 13:27:57,379 - httpx - INFO - HTTP Request: GET https://api.github.com/repos/t-s-e-z-a-r/CodeReviewAI/contents/app.log?ref=main "HTTP/1.1 200 OK"
2024-10-28 13:27:57,380 - httpx - INFO - HTTP Request: GET https://api.github.com/repos/t-s-e-z-a-r/CodeReviewAI/contents/.gitignore?ref=main "HTTP/1.1 200 OK"
2024-10-28 13:27:57,709 - httpx - INFO - HTTP Request: GET https://api.github.com/repos/t-s-e-z-a-r/CodeReviewAI/contents/tests/test_review.py?ref=main "HTTP/1.1 200 OK"
2024-10-28 13:27:57,715 - httpx - INFO - HTTP Request: GET https://api.github.com/repos/t-s-e-z-a-r/CodeReviewAI/contents/tests/__init__.py?ref=main "HTTP/1.1 200 OK"
2024-10-28 14:25:50,454 - httpx - INFO - HTTP Request: GET https://api.github.com/repos/t-s-e-z-a-r/CodeReviewAI/contents/?page=1&per_page=100 "HTTP/1.1 200 OK"
2024-10-28 14:25:51,152 - httpx - INFO - HTTP Request: GET https://api.github.com/repos/t-s-e-z-a-r/CodeReviewAI/contents/.gitignore?ref=main "HTTP/1.1 200 OK"
2024-10-28 14:25:51,199 - httpx - INFO - HTTP Request: GET https://api.github.com/repos/t-s-e-z-a-r/CodeReviewAI/contents/Dockerfile?ref=main "HTTP/1.1 200 OK"
2024-10-28 14:25:51,202 - httpx - INFO - HTTP Request: GET https://api.github.com/repos/t-s-e-z-a-r/CodeReviewAI/contents/main.py?ref=main "HTTP/1.1 200 OK"
2024-10-28 14:25:51,210 - httpx - INFO - HTTP Request: GET https://api.github.com/repos/t-s-e-z-a-r/CodeReviewAI/contents/tests?page=1&per_page=100 "HTTP/1.1 200 OK"
2024-10-28 14:25:51,293 - httpx - INFO - HTTP Request: GET https://api.github.com/repos/t-s-e-z-a-r/CodeReviewAI/contents/pyproject.toml?ref=main "HTTP/1.1 200 OK"
2024-10-28 14:25:51,298 - httpx - INFO - HTTP Request: GET https://api.github.com/repos/t-s-e-z-a-r/CodeReviewAI/contents/schemas.py?ref=main "HTTP/1.1 200 OK"
2024-10-28 14:25:51,301 - httpx - INFO - HTTP Request: GET https://api.github.com/repos/t-s-e-z-a-r/CodeReviewAI/contents/app.log?ref=main "HTTP/1.1 200 OK"
2024-10-28 14:25:51,304 - httpx - INFO - HTTP Request: GET https://api.github.com/repos/t-s-e-z-a-r/CodeReviewAI/contents/tools.py?ref=main "HTTP/1.1 200 OK"
2024-10-28 14:25:51,307 - httpx - INFO - HTTP Request: GET https://api.github.com/repos/t-s-e-z-a-r/CodeReviewAI/contents/docker-compose.yml?ref=main "HTTP/1.1 200 OK"
2024-10-28 14:25:51,314 - httpx - INFO - HTTP Request: GET https://api.github.com/repos/t-s-e-z-a-r/CodeReviewAI/contents/README.md?ref=main "HTTP/1.1 200 OK"
2024-10-28 14:25:51,622 - httpx - INFO - HTTP Request: GET https://api.github.com/repos/t-s-e-z-a-r/CodeReviewAI/contents/tests/test_review.py?ref=main "HTTP/1.1 200 OK"
2024-10-28 14:25:51,650 - httpx - INFO - HTTP Request: GET https://api.github.com/repos/t-s-e-z-a-r/CodeReviewAI/contents/tests/__init__.py?ref=main "HTTP/1.1 200 OK"
2024-10-28 14:30:58,834 - httpx - INFO - HTTP Request: GET https://api.github.com/repos/t-s-e-z-a-r/CodeReviewAI/contents/?page=1&per_page=100 "HTTP/1.1 200 OK"
2024-10-28 14:30:59,537 - httpx - INFO - HTTP Request: GET https://api.github.com/repos/t-s-e-z-a-r/CodeReviewAI/contents/Dockerfile?ref=main "HTTP/1.1 200 OK"
2024-10-28 14:30:59,565 - httpx - INFO - HTTP Request: GET https://api.github.com/repos/t-s-e-z-a-r/CodeReviewAI/contents/.gitignore?ref=main "HTTP/1.1 200 OK"
2024-10-28 14:30:59,569 - httpx - INFO - HTTP Request: GET https://api.github.com/repos/t-s-e-z-a-r/CodeReviewAI/contents/main.py?ref=main "HTTP/1.1 200 OK"
2024-10-28 14:30:59,574 - httpx - INFO - HTTP Request: GET https://api.github.com/repos/t-s-e-z-a-r/CodeReviewAI/contents/app.log?ref=main "HTTP/1.1 200 OK"
2024-10-28 14:30:59,578 - httpx - INFO - HTTP Request: GET https://api.github.com/repos/t-s-e-z-a-r/CodeReviewAI/contents/tests?page=1&per_page=100 "HTTP/1.1 200 OK"
2024-10-28 14:30:59,671 - httpx - INFO - HTTP Request: GET https://api.github.com/repos/t-s-e-z-a-r/CodeReviewAI/contents/docker-compose.yml?ref=main "HTTP/1.1 200 OK"
2024-10-28 14:30:59,677 - httpx - INFO - HTTP Request: GET https://api.github.com/repos/t-s-e-z-a-r/CodeReviewAI/contents/tools.py?ref=main "HTTP/1.1 200 OK"
2024-10-28 14:30:59,681 - httpx - INFO - HTTP Request: GET https://api.github.com/repos/t-s-e-z-a-r/CodeReviewAI/contents/schemas.py?ref=main "HTTP/1.1 200 OK"
2024-10-28 14:30:59,684 - httpx - INFO - HTTP Request: GET https://api.github.com/repos/t-s-e-z-a-r/CodeReviewAI/contents/pyproject.toml?ref=main "HTTP/1.1 200 OK"
2024-10-28 14:30:59,686 - httpx - INFO - HTTP Request: GET https://api.github.com/repos/t-s-e-z-a-r/CodeReviewAI/contents/README.md?ref=main "HTTP/1.1 200 OK"
2024-10-28 14:30:59,991 - httpx - INFO - HTTP Request: GET https://api.github.com/repos/t-s-e-z-a-r/CodeReviewAI/contents/tests/test_review.py?ref=main "HTTP/1.1 200 OK"
2024-10-28 14:31:00,011 - httpx - INFO - HTTP Request: GET https://api.github.com/repos/t-s-e-z-a-r/CodeReviewAI/contents/tests/__init__.py?ref=main "HTTP/1.1 200 OK"
2024-10-28 14:32:10,692 - httpx - INFO - HTTP Request: GET https://api.github.com/repos/t-s-e-z-a-r/CodeReviewAI/contents/?page=1&per_page=100 "HTTP/1.1 200 OK"
2024-10-28 14:32:11,410 - httpx - INFO - HTTP Request: GET https://api.github.com/repos/t-s-e-z-a-r/CodeReviewAI/contents/Dockerfile?ref=main "HTTP/1.1 200 OK"
2024-10-28 14:32:11,441 - httpx - INFO - HTTP Request: GET https://api.github.com/repos/t-s-e-z-a-r/CodeReviewAI/contents/app.log?ref=main "HTTP/1.1 200 OK"
2024-10-28 14:32:11,466 - httpx - INFO - HTTP Request: GET https://api.github.com/repos/t-s-e-z-a-r/CodeReviewAI/contents/docker-compose.yml?ref=main "HTTP/1.1 200 OK"
2024-10-28 14:32:11,469 - httpx - INFO - HTTP Request: GET https://api.github.com/repos/t-s-e-z-a-r/CodeReviewAI/contents/schemas.py?ref=main "HTTP/1.1 200 OK"
2024-10-28 14:32:11,472 - httpx - INFO - HTTP Request: GET https://api.github.com/repos/t-s-e-z-a-r/CodeReviewAI/contents/tests?page=1&per_page=100 "HTTP/1.1 200 OK"
2024-10-28 14:32:11,554 - httpx - INFO - HTTP Request: GET https://api.github.com/repos/t-s-e-z-a-r/CodeReviewAI/contents/README.md?ref=main "HTTP/1.1 200 OK"
2024-10-28 14:32:11,557 - httpx - INFO - HTTP Request: GET https://api.github.com/repos/t-s-e-z-a-r/CodeReviewAI/contents/pyproject.toml?ref=main "HTTP/1.1 200 OK"
2024-10-28 14:32:11,565 - httpx - INFO - HTTP Request: GET https://api.github.com/repos/t-s-e-z-a-r/CodeReviewAI/contents/main.py?ref=main "HTTP/1.1 200 OK"
2024-10-28 14:32:11,569 - httpx - INFO - HTTP Request: GET https://api.github.com/repos/t-s-e-z-a-r/CodeReviewAI/contents/.gitignore?ref=main "HTTP/1.1 200 OK"
2024-10-28 14:32:11,571 - httpx - INFO - HTTP Request: GET https://api.github.com/repos/t-s-e-z-a-r/CodeReviewAI/contents/tools.py?ref=main "HTTP/1.1 200 OK"
2024-10-28 14:32:11,865 - httpx - INFO - HTTP Request: GET https://api.github.com/repos/t-s-e-z-a-r/CodeReviewAI/contents/tests/__init__.py?ref=main "HTTP/1.1 200 OK"
2024-10-28 14:32:11,876 - httpx - INFO - HTTP Request: GET https://api.github.com/repos/t-s-e-z-a-r/CodeReviewAI/contents/tests/test_review.py?ref=main "HTTP/1.1 200 OK"
